{"name": "Login to Homepage with username, email and password -- @1.2 ", "status": "broken", "statusDetails": {"message": "selenium.common.exceptions.NoSuchElementException: Message: Could not locate element with visible text: female\n\n", "trace": "  File \"/Library/Frameworks/Python.framework/Versions/3.11/lib/python3.11/site-packages/behave/model.py\", line 1329, in run\n    match.run(runner.context)\n  File \"/Library/Frameworks/Python.framework/Versions/3.11/lib/python3.11/site-packages/behave/matchers.py\", line 98, in run\n    self.func(context, *args, **kwargs)\n  File \"features/steps/homepage_steps.py\", line 32, in I_select_a_gender\n    context.homepage.enterGender(gender)\n  File \"/Users/campbellforsyth/Projects/PythonSeleniumBDD/features/pages/home_page.py\", line 51, in enterGender\n    dropdown.select_by_visible_text(gender)\n  File \"/Library/Frameworks/Python.framework/Versions/3.11/lib/python3.11/site-packages/selenium/webdriver/support/select.py\", line 134, in select_by_visible_text\n    raise NoSuchElementException(f\"Could not locate element with visible text: {text}\")\n"}, "steps": [{"name": "Given I enter a firstname of 'Sue'", "status": "passed", "start": 1686331255219, "stop": 1686331256244}, {"name": "And I enter an email of 'dummy@email.com'", "status": "passed", "start": 1686331256244, "stop": 1686331256678}, {"name": "And I enter a password of 'password'", "status": "passed", "start": 1686331256678, "stop": 1686331256811}, {"name": "And I select the checkbox", "status": "passed", "start": 1686331256811, "stop": 1686331257395}, {"name": "And I select a gender of 'female'", "status": "broken", "statusDetails": {"message": "selenium.common.exceptions.NoSuchElementException: Message: Could not locate element with visible text: female\n\n", "trace": "  File \"/Library/Frameworks/Python.framework/Versions/3.11/lib/python3.11/site-packages/behave/model.py\", line 1329, in run\n    match.run(runner.context)\n  File \"/Library/Frameworks/Python.framework/Versions/3.11/lib/python3.11/site-packages/behave/matchers.py\", line 98, in run\n    self.func(context, *args, **kwargs)\n  File \"features/steps/homepage_steps.py\", line 32, in I_select_a_gender\n    context.homepage.enterGender(gender)\n  File \"/Users/campbellforsyth/Projects/PythonSeleniumBDD/features/pages/home_page.py\", line 51, in enterGender\n    dropdown.select_by_visible_text(gender)\n  File \"/Library/Frameworks/Python.framework/Versions/3.11/lib/python3.11/site-packages/selenium/webdriver/support/select.py\", line 134, in select_by_visible_text\n    raise NoSuchElementException(f\"Could not locate element with visible text: {text}\")\n"}, "attachments": [{"name": "screenshot", "source": "8edc5460-cb8b-4024-be3e-b8780a13b71d-attachment.png", "type": "image/png"}], "start": 1686331257395, "stop": 1686331262945}, {"name": "When I click the submit button", "status": "skipped", "start": 1686331263015, "stop": 1686331263015}, {"name": "Then I should see a success message", "status": "skipped", "start": 1686331263015, "stop": 1686331263015}], "parameters": [{"name": "first_name", "value": "Sue"}, {"name": "email", "value": "dummy@email.com"}, {"name": "password", "value": "password"}, {"name": "gender", "value": "female"}], "start": 1686331246295, "stop": 1686331263015, "uuid": "84ad2ec5-c4bc-4dd0-8868-9e70e85a6c3b", "historyId": "9df751448ce9838c72cd7bcd2514dc36", "fullName": "Homepage Login: Login to Homepage with username, email and password", "labels": [{"name": "severity", "value": "normal"}, {"name": "feature", "value": "Homepage Login"}, {"name": "framework", "value": "behave"}, {"name": "language", "value": "cpython3"}]}